<?xml version="1.0" encoding="UTF-8"?>
<!-- Generated by org.testng.reporters.JUnitReportReporter -->
<testsuite skipped="0" hostname="DESKTOP-U9BEVS1" name="com.NopEcommerce.Testcase.TC_Register_001" tests="1" failures="0" timestamp="2021-08-19T14:50:11 IST" time="7.980" errors="0">
  <testcase name="register" time="7.980" classname="com.NopEcommerce.Testcase.TC_Register_001"/>
  <system-out/>
</testsuite> <!-- com.NopEcommerce.Testcase.TC_Register_001 -->
