<?xml version="1.0" encoding="UTF-8"?>
<!-- Generated by org.testng.reporters.JUnitReportReporter -->
<testsuite skipped="0" hostname="DESKTOP-U9BEVS1" name="com.NopEcommerce.Testcase.TC_Page_link_verify_005" tests="1" failures="0" timestamp="2021-08-10T13:52:02 IST" time="23.000" errors="0">
  <testcase name="link_verify" time="23.000" classname="com.NopEcommerce.Testcase.TC_Page_link_verify_005"/>
  <system-out/>
</testsuite> <!-- com.NopEcommerce.Testcase.TC_Page_link_verify_005 -->
